Using pre-set license
Built from '2020.3/staging' branch; Version is '2020.3.20f1 (41c4e627c95f) revision 4310246'; Using compiler version '192528614'; Build Type 'Release'
OS: 'Windows 10 Pro N; OS build 19041.1415; Version 2004; 64bit' Language: 'fr' Physical Memory: 16323 MB
BatchMode: 1, IsHumanControllingUs: 0, StartBugReporterOnCrash: 0, Is64bit: 1, IsPro: 0

COMMAND LINE ARGUMENTS:
C:\Program Files\Unity\Hub\Editor\2020.3.20f1\Editor\Unity.exe
-adb2
-batchMode
-noUpm
-name
AssetImportWorker0
-projectPath
C:/Users/tsaut/Documents/GitHub/Generator/Genrator
-logFile
Logs/AssetImportWorker0.log
-srvPort
59890
Successfully changed project path to: C:/Users/tsaut/Documents/GitHub/Generator/Genrator
C:/Users/tsaut/Documents/GitHub/Generator/Genrator
Using Asset Import Pipeline V2.
Refreshing native plugins compatible for Editor in 37.59 ms, found 3 plugins.
Preloading 0 native plugins for Editor in 0.00 ms.
Initialize engine version: 2020.3.20f1 (41c4e627c95f)
[Subsystems] Discovering subsystems at path C:/Program Files/Unity/Hub/Editor/2020.3.20f1/Editor/Data/Resources/UnitySubsystems
[Subsystems] Discovering subsystems at path C:/Users/tsaut/Documents/GitHub/Generator/Genrator/Assets
GfxDevice: creating device client; threaded=0
Direct3D:
    Version:  Direct3D 11.0 [level 11.1]
    Renderer: NVIDIA GeForce GTX 1060 6GB (ID=0x1c03)
    Vendor:   
    VRAM:     6052 MB
    Driver:   30.0.14.9709
Initialize mono
Mono path[0] = 'C:/Program Files/Unity/Hub/Editor/2020.3.20f1/Editor/Data/Managed'
Mono path[1] = 'C:/Program Files/Unity/Hub/Editor/2020.3.20f1/Editor/Data/MonoBleedingEdge/lib/mono/unityjit'
Mono config path = 'C:/Program Files/Unity/Hub/Editor/2020.3.20f1/Editor/Data/MonoBleedingEdge/etc'
Using monoOptions --debugger-agent=transport=dt_socket,embedding=1,server=y,suspend=n,address=127.0.0.1:56416
Begin MonoManager ReloadAssembly
Registering precompiled unity dll's ...
Register platform support module: C:/Program Files/Unity/Hub/Editor/2020.3.20f1/Editor/Data/PlaybackEngines/WindowsStandaloneSupport/UnityEditor.WindowsStandalone.Extensions.dll
Registered in 0.001962 seconds.
Native extension for WindowsStandalone target not found
Refreshing native plugins compatible for Editor in 37.91 ms, found 3 plugins.
Preloading 0 native plugins for Editor in 0.00 ms.
Mono: successfully reloaded assembly
- Completed reload, in  0.955 seconds
Domain Reload Profiling:
	ReloadAssembly (955ms)
		BeginReloadAssembly (49ms)
			ExecutionOrderSort (0ms)
			DisableScriptedObjects (0ms)
			BackupInstance (0ms)
			ReleaseScriptingObjects (0ms)
			CreateAndSetChildDomain (1ms)
		EndReloadAssembly (364ms)
			LoadAssemblies (47ms)
			RebuildTransferFunctionScriptingTraits (0ms)
			SetupTypeCache (133ms)
			ReleaseScriptCaches (0ms)
			RebuildScriptCaches (27ms)
			SetupLoadedEditorAssemblies (143ms)
				LogAssemblyErrors (0ms)
				InitializePlatformSupportModulesInManaged (3ms)
				SetLoadedEditorAssemblies (0ms)
				RefreshPlugins (38ms)
				BeforeProcessingInitializeOnLoad (7ms)
				ProcessInitializeOnLoadAttributes (69ms)
				ProcessInitializeOnLoadMethodAttributes (25ms)
				AfterProcessingInitializeOnLoad (0ms)
				EditorAssembliesLoaded (0ms)
			ExecutionOrderSort2 (0ms)
			AwakeInstancesAfterBackupRestoration (0ms)
Platform modules already initialized, skipping
Registering precompiled user dll's ...
Registered in 0.003381 seconds.
Begin MonoManager ReloadAssembly
Native extension for WindowsStandalone target not found
Refreshing native plugins compatible for Editor in 39.01 ms, found 3 plugins.
Preloading 0 native plugins for Editor in 0.00 ms.
Mono: successfully reloaded assembly
- Completed reload, in  1.006 seconds
Domain Reload Profiling:
	ReloadAssembly (1007ms)
		BeginReloadAssembly (136ms)
			ExecutionOrderSort (0ms)
			DisableScriptedObjects (4ms)
			BackupInstance (0ms)
			ReleaseScriptingObjects (0ms)
			CreateAndSetChildDomain (20ms)
		EndReloadAssembly (816ms)
			LoadAssemblies (81ms)
			RebuildTransferFunctionScriptingTraits (0ms)
			SetupTypeCache (273ms)
			ReleaseScriptCaches (0ms)
			RebuildScriptCaches (49ms)
			SetupLoadedEditorAssemblies (297ms)
				LogAssemblyErrors (0ms)
				InitializePlatformSupportModulesInManaged (4ms)
				SetLoadedEditorAssemblies (0ms)
				RefreshPlugins (39ms)
				BeforeProcessingInitializeOnLoad (60ms)
				ProcessInitializeOnLoadAttributes (173ms)
				ProcessInitializeOnLoadMethodAttributes (14ms)
				AfterProcessingInitializeOnLoad (6ms)
				EditorAssembliesLoaded (0ms)
			ExecutionOrderSort2 (0ms)
			AwakeInstancesAfterBackupRestoration (6ms)
Platform modules already initialized, skipping
========================================================================
Worker process is ready to serve import requests
Launched and connected shader compiler UnityShaderCompiler.exe after 0.07 seconds
Refreshing native plugins compatible for Editor in 0.79 ms, found 3 plugins.
Preloading 0 native plugins for Editor in 0.00 ms.
Unloading 2093 Unused Serialized files (Serialized files now loaded: 0)
System memory in use before: 93.1 MB.
System memory in use after: 93.2 MB.

Unloading 26 unused Assets to reduce memory usage. Loaded Objects now: 2532.
Total: 3.227900 ms (FindLiveObjects: 0.227800 ms CreateObjectMapping: 0.111800 ms MarkObjects: 2.784000 ms  DeleteObjects: 0.103300 ms)

AssetImportParameters requested are different than current active one (requested -> active):
  custom:framework-win-MediaFoundation: 216162199b28c13a410421893ffa2e32 -> 
  custom:video-decoder-ogg-theora: a1e56fd34408186e4bbccfd4996cb3dc -> 
  custom:container-muxer-webm: aa71ff27fc2769a1b78a27578f13a17b -> 
  custom:container-demuxer-webm: 4f35f7cbe854078d1ac9338744f61a02 -> 
  custom:container-demuxer-ogg: 62fdf1f143b41e24485cea50d1cbac27 -> 
  custom:video-encoder-webm-vp8: eb34c28f22e8b96e1ab97ce403110664 -> 
  custom:video-decoder-webm-vp8: 9c59270c3fd7afecdb556c50c9e8de78 -> 
  custom:audio-decoder-ogg-vorbis: bf7c407c2cedff20999df2af8eb42d56 -> 
  custom:audio-encoder-webm-vorbis: bf7c407c2cedff20999df2af8eb42d56 -> 
========================================================================
Received Import Request.
  path: Assets
  artifactKey: Guid(00000000000000001000000000000000) Importer(815301076,1909f56bfc062723c751e8b465ee728b)
Start importing Assets using Guid(00000000000000001000000000000000) Importer(815301076,1909f56bfc062723c751e8b465ee728b)  -> (artifact id: '42d402b061de3733987d63b9cc3b64de') in 0.009696 seconds 
  Import took 0.012520 seconds .

========================================================================
Received Import Request.
  Time since last request: 0.000318 seconds.
  path: Assets/Scenes
  artifactKey: Guid(9ed4bd9b9ad352847890a5b663dd3a92) Importer(815301076,1909f56bfc062723c751e8b465ee728b)
Start importing Assets/Scenes using Guid(9ed4bd9b9ad352847890a5b663dd3a92) Importer(815301076,1909f56bfc062723c751e8b465ee728b)  -> (artifact id: '93326f409ad2688e97c81f59588e7e0f') in 0.005690 seconds 
  Import took 0.008301 seconds .

========================================================================
Received Import Request.
  Time since last request: 7.350277 seconds.
  path: Assets/Sprites
  artifactKey: Guid(9d20700612fa589429b88d15a0568995) Importer(815301076,1909f56bfc062723c751e8b465ee728b)
Start importing Assets/Sprites using Guid(9d20700612fa589429b88d15a0568995) Importer(815301076,1909f56bfc062723c751e8b465ee728b)  -> (artifact id: 'e4825645e54869a0961844b1b40f0dda') in 0.006237 seconds 
  Import took 0.009172 seconds .

========================================================================
Received Import Request.
  Time since last request: 477.089014 seconds.
  path: Assets/Sprites/archer.PNG
  artifactKey: Guid(992e6549e31cf184faa26715f8685ffe) Importer(815301076,1909f56bfc062723c751e8b465ee728b)
Start importing Assets/Sprites/archer.PNG using Guid(992e6549e31cf184faa26715f8685ffe) Importer(815301076,1909f56bfc062723c751e8b465ee728b)  -> (artifact id: 'f51b36d594939197d0f3bd6e3a18318c') in 0.114800 seconds 
  Import took 0.118723 seconds .

========================================================================
Received Import Request.
  Time since last request: 0.000167 seconds.
  path: Assets/Sprites/thief.PNG
  artifactKey: Guid(232e95cabfc6a474bba0a3a59825430f) Importer(815301076,1909f56bfc062723c751e8b465ee728b)
Start importing Assets/Sprites/thief.PNG using Guid(232e95cabfc6a474bba0a3a59825430f) Importer(815301076,1909f56bfc062723c751e8b465ee728b)  -> (artifact id: 'a40a442bdd3dd8e7d93988ae90fae788') in 0.017148 seconds 
  Import took 0.020186 seconds .

========================================================================
Received Import Request.
  Time since last request: 0.000224 seconds.
  path: Assets/Sprites/troll.png
  artifactKey: Guid(731eda59bd2f31f4dbbd4f55bc4b1f09) Importer(815301076,1909f56bfc062723c751e8b465ee728b)
Start importing Assets/Sprites/troll.png using Guid(731eda59bd2f31f4dbbd4f55bc4b1f09) Importer(815301076,1909f56bfc062723c751e8b465ee728b)  -> (artifact id: 'e0e8486f7b7d292eab7a6b526cc2e7ba') in 0.025977 seconds 
  Import took 0.029207 seconds .

========================================================================
Received Import Request.
  Time since last request: 0.000205 seconds.
  path: Assets/Sprites/goblin.png
  artifactKey: Guid(258c87975eeb32d449530c61aa000177) Importer(815301076,1909f56bfc062723c751e8b465ee728b)
Start importing Assets/Sprites/goblin.png using Guid(258c87975eeb32d449530c61aa000177) Importer(815301076,1909f56bfc062723c751e8b465ee728b)  -> (artifact id: 'd5761d9cf6181aa9f2f6407e5a7034da') in 0.014601 seconds 
  Import took 0.017497 seconds .

========================================================================
Received Import Request.
  Time since last request: 0.000177 seconds.
  path: Assets/Sprites/skeleton.jpg
  artifactKey: Guid(fc7073e841be3134990f979cbfb0376d) Importer(815301076,1909f56bfc062723c751e8b465ee728b)
Start importing Assets/Sprites/skeleton.jpg using Guid(fc7073e841be3134990f979cbfb0376d) Importer(815301076,1909f56bfc062723c751e8b465ee728b)  -> (artifact id: 'cf165f7263431cb63bee39bd261a199b') in 0.016150 seconds 
  Import took 0.019593 seconds .

========================================================================
Received Import Request.
  Time since last request: 0.000292 seconds.
  path: Assets/Sprites/sheet.jpg
  artifactKey: Guid(41b2986698b820a4394f468965dc96a9) Importer(815301076,1909f56bfc062723c751e8b465ee728b)
Start importing Assets/Sprites/sheet.jpg using Guid(41b2986698b820a4394f468965dc96a9) Importer(815301076,1909f56bfc062723c751e8b465ee728b)  -> (artifact id: '2a33a0144aa0fa3029d35502994cf78c') in 0.024326 seconds 
  Import took 0.027689 seconds .

========================================================================
Received Import Request.
  Time since last request: 0.000258 seconds.
  path: Assets/Sprites/paladin.PNG
  artifactKey: Guid(e580e0ed5a510d141b1503ab9f816f5e) Importer(815301076,1909f56bfc062723c751e8b465ee728b)
Start importing Assets/Sprites/paladin.PNG using Guid(e580e0ed5a510d141b1503ab9f816f5e) Importer(815301076,1909f56bfc062723c751e8b465ee728b)  -> (artifact id: 'cc1579cc1ea9683e547382f1abdef671') in 0.015130 seconds 
  Import took 0.018115 seconds .

========================================================================
Received Import Request.
  Time since last request: 17.138555 seconds.
  path: Assets/Sprites/sheet.jpg
  artifactKey: Guid(41b2986698b820a4394f468965dc96a9) Importer(815301076,1909f56bfc062723c751e8b465ee728b)
Start importing Assets/Sprites/sheet.jpg using Guid(41b2986698b820a4394f468965dc96a9) Importer(815301076,1909f56bfc062723c751e8b465ee728b)  -> (artifact id: '4213d2ce4b3abd8fb149ce84216ed6a1') in 0.012779 seconds 
  Import took 0.017056 seconds .

AssetImportWorkerClient::OnTransportError - code=2 error=End of file
